2025-01-03 16:43:46,130 - TimesheetTracker - INFO - Database tables created successfully
2025-01-03 16:44:10,905 - TimesheetTracker - INFO - Database tables created successfully
2025-01-03 16:44:11,238 - TimesheetTracker - INFO - Root endpoint accessed
2025-01-03 16:44:15,366 - TimesheetTracker - INFO - Root endpoint accessed
2025-01-03 16:48:54,748 - TimesheetTracker - INFO - Processing timesheet upload: Hours Tracker.csv
2025-01-03 16:48:54,885 - TimesheetTracker - ERROR - Error processing timesheet: 1 validation error for TimeEntryCreate
hours
  Input should be greater than 0 [type=greater_than, input_value=0.0, input_type=float]
    For further information visit https://errors.pydantic.dev/2.10/v/greater_than
2025-01-03 16:49:36,104 - TimesheetTracker - INFO - Database tables created successfully
2025-01-03 16:49:36,419 - TimesheetTracker - INFO - Root endpoint accessed
2025-01-03 16:49:36,463 - TimesheetTracker - INFO - Root endpoint accessed
2025-01-03 16:49:51,586 - TimesheetTracker - INFO - Processing timesheet upload: Hours Tracker.csv
2025-01-03 16:50:09,436 - TimesheetTracker - INFO - Successfully created 163 time entries
2025-01-03 16:58:08,688 - TimesheetTracker - INFO - Database tables created successfully
2025-01-03 16:58:09,577 - TimesheetTracker - INFO - Root endpoint accessed
2025-01-03 16:58:10,432 - TimesheetTracker - INFO - Root endpoint accessed
2025-01-03 16:58:32,247 - TimesheetTracker - INFO - Database tables created successfully
2025-01-03 16:58:32,826 - TimesheetTracker - INFO - Root endpoint accessed
2025-01-03 17:04:12,184 - TimesheetTracker - INFO - Database tables created successfully
2025-01-03 17:04:12,766 - TimesheetTracker - INFO - Root endpoint accessed
2025-01-03 17:11:45,124 - TimesheetTracker - INFO - Database tables created successfully
2025-01-03 17:11:45,837 - TimesheetTracker - INFO - Root endpoint accessed
2025-01-03 17:36:49,251 - TimesheetTracker - INFO - Root endpoint accessed
2025-01-03 17:37:11,379 - TimesheetTracker - INFO - Database tables created successfully
2025-01-03 17:37:11,676 - TimesheetTracker - INFO - Root endpoint accessed
2025-01-03 17:59:19,400 - TimesheetTracker - ERROR - Database verification failed: name 'models' is not defined
2025-01-03 17:59:19,505 - TimesheetTracker - INFO - Database tables created successfully
2025-01-03 17:59:21,162 - TimesheetTracker - ERROR - Database verification failed: name 'models' is not defined
2025-01-03 17:59:21,258 - TimesheetTracker - INFO - Database tables created successfully
2025-01-03 17:59:22,762 - TimesheetTracker - INFO - Root endpoint accessed
2025-01-03 17:59:37,117 - TimesheetTracker - INFO - Root endpoint accessed
2025-01-03 17:59:45,372 - TimesheetTracker - INFO - Root endpoint accessed
2025-01-03 18:02:20,124 - TimesheetTracker - ERROR - Database verification failed: name 'models' is not defined
2025-01-03 18:02:20,217 - TimesheetTracker - INFO - Database tables created successfully
2025-01-03 18:02:24,248 - TimesheetTracker - ERROR - Database verification failed: name 'models' is not defined
2025-01-03 18:02:24,336 - TimesheetTracker - INFO - Database tables created successfully
2025-01-03 18:02:24,366 - TimesheetTracker - INFO - Root endpoint accessed
2025-01-03 18:02:25,561 - TimesheetTracker - INFO - Root endpoint accessed
2025-01-03 18:02:27,304 - TimesheetTracker - ERROR - Database verification failed: name 'models' is not defined
2025-01-03 18:02:27,391 - TimesheetTracker - INFO - Database tables created successfully
2025-01-03 18:02:28,432 - TimesheetTracker - INFO - Root endpoint accessed
2025-01-03 19:26:26,460 - TimesheetTracker - ERROR - Database verification failed: name 'models' is not defined
2025-01-03 19:31:43,427 - TimesheetTracker - WARNING - Table customers does not exist
2025-01-03 19:31:55,296 - TimesheetTracker - WARNING - Table customers does not exist
2025-01-03 19:32:30,895 - TimesheetTracker - WARNING - Table customers does not exist
2025-01-03 19:32:43,931 - TimesheetTracker - WARNING - Table customers does not exist
2025-01-03 19:32:44,214 - TimesheetTracker - INFO - Database tables created successfully
2025-01-03 19:33:49,195 - TimesheetTracker - INFO - Database tables created successfully
2025-01-03 19:34:05,354 - TimesheetTracker - INFO - Database tables created successfully
2025-01-03 19:34:46,777 - TimesheetTracker - INFO - Database tables created successfully
2025-01-03 19:34:47,499 - TimesheetTracker - INFO - Root endpoint accessed
2025-01-03 19:35:45,928 - TimesheetTracker - INFO - Processing timesheet upload: Hours Tracker.csv
2025-01-03 19:35:45,944 - TimesheetTracker - ERROR - Error processing timesheet: module 'crud' has no attribute 'create_time_entry'
2025-01-03 19:37:20,610 - TimesheetTracker - INFO - Database tables created successfully
2025-01-03 19:37:21,139 - TimesheetTracker - INFO - Root endpoint accessed
2025-01-03 19:38:09,919 - TimesheetTracker - INFO - Processing timesheet upload: Hours Tracker.csv
2025-01-03 19:38:09,937 - TimesheetTracker - ERROR - Error processing timesheet: module 'crud' has no attribute 'create_time_entry'
2025-01-03 19:39:39,837 - TimesheetTracker - INFO - Database tables created successfully
2025-01-03 19:39:40,322 - TimesheetTracker - INFO - Root endpoint accessed
2025-01-03 19:40:58,969 - TimesheetTracker - INFO - Database tables created successfully
2025-01-03 19:40:59,249 - TimesheetTracker - INFO - Root endpoint accessed
2025-01-03 19:41:34,988 - TimesheetTracker - INFO - Processing timesheet upload: Hours Tracker.csv
2025-01-03 19:41:35,003 - TimesheetTracker - ERROR - Error processing timesheet: module 'crud' has no attribute 'create_time_entries'
2025-01-03 19:44:40,783 - TimesheetTracker - INFO - Database tables created successfully
2025-01-03 19:44:41,497 - TimesheetTracker - INFO - Root endpoint accessed
2025-01-03 19:45:13,607 - TimesheetTracker - INFO - Root endpoint accessed
2025-01-03 19:45:56,861 - TimesheetTracker - INFO - Processing timesheet upload: Hours Tracker.csv
2025-01-03 19:45:56,862 - TimesheetTracker - ERROR - Error processing timesheet: 'SpooledTemporaryFile' object has no attribute 'filename'
2025-01-03 19:46:53,619 - TimesheetTracker - INFO - Database tables created successfully
2025-01-03 19:46:58,844 - TimesheetTracker - INFO - Processing timesheet upload: Hours Tracker.csv
2025-01-03 19:46:58,845 - TimesheetTracker - INFO - Starting CSV parsing
2025-01-03 19:46:58,845 - TimesheetTracker - ERROR - Error processing timesheet: 'SpooledTemporaryFile' object has no attribute 'file'
2025-01-03 19:50:10,612 - TimesheetTracker - INFO - Database tables created successfully
2025-01-03 19:50:34,458 - TimesheetTracker - INFO - Processing timesheet upload: Hours Tracker.csv
2025-01-03 19:50:34,458 - TimesheetTracker - INFO - Starting CSV parsing
2025-01-03 19:50:34,459 - TimesheetTracker - ERROR - Error processing timesheet: 'SpooledTemporaryFile' object has no attribute 'file'
2025-01-03 19:51:02,706 - TimesheetTracker - INFO - Database tables created successfully
2025-01-03 19:51:20,760 - TimesheetTracker - INFO - Database tables created successfully
2025-01-03 19:52:12,367 - TimesheetTracker - INFO - Database tables created successfully
2025-01-03 19:52:35,296 - TimesheetTracker - INFO - Processing timesheet upload: Hours Tracker.csv
2025-01-03 19:52:35,297 - TimesheetTracker - INFO - Starting CSV parsing
2025-01-03 19:52:35,297 - TimesheetTracker - ERROR - Error processing timesheet: 'SpooledTemporaryFile' object has no attribute 'file'
2025-01-03 19:53:16,839 - TimesheetTracker - INFO - Database tables created successfully
2025-01-03 19:53:19,222 - TimesheetTracker - INFO - Database tables created successfully
2025-01-03 19:53:21,999 - TimesheetTracker - INFO - Processing timesheet upload: Hours Tracker.csv
2025-01-03 19:53:22,000 - TimesheetTracker - INFO - Starting CSV parsing
2025-01-03 19:53:22,000 - TimesheetTracker - ERROR - Error processing timesheet: module 'pandas' has no attribute 'StringIO'
2025-01-03 19:53:36,233 - TimesheetTracker - INFO - Database tables created successfully
2025-01-03 19:53:38,630 - TimesheetTracker - INFO - Processing timesheet upload: Hours Tracker.csv
2025-01-03 19:53:38,630 - TimesheetTracker - INFO - Starting CSV parsing
2025-01-03 19:53:38,630 - TimesheetTracker - ERROR - Error processing timesheet: module 'pandas' has no attribute 'StringIO'
2025-01-03 19:53:51,053 - TimesheetTracker - INFO - Database tables created successfully
2025-01-03 19:53:55,334 - TimesheetTracker - INFO - Processing timesheet upload: Hours Tracker.csv
2025-01-03 19:53:55,334 - TimesheetTracker - INFO - Starting CSV parsing
2025-01-03 19:53:55,334 - TimesheetTracker - ERROR - Error processing timesheet: module 'pandas' has no attribute 'StringIO'
2025-01-03 19:54:20,016 - TimesheetTracker - INFO - Database tables created successfully
2025-01-03 19:54:31,078 - TimesheetTracker - INFO - Database tables created successfully
2025-01-03 19:54:33,806 - TimesheetTracker - INFO - Processing timesheet upload: Hours Tracker.csv
2025-01-03 19:54:33,806 - TimesheetTracker - INFO - Starting CSV parsing
2025-01-03 19:54:33,806 - TimesheetTracker - ERROR - Error processing timesheet: 'function' object has no attribute 'empty'
2025-01-03 19:55:47,023 - TimesheetTracker - INFO - Database tables created successfully
2025-01-03 19:55:51,680 - TimesheetTracker - INFO - Processing timesheet upload: Hours Tracker.csv
2025-01-03 19:55:51,681 - TimesheetTracker - INFO - Starting CSV parsing
2025-01-03 19:55:51,683 - TimesheetTracker - ERROR - Error processing timesheet: [Errno 2] No such file or directory: 'test.csv'
2025-01-03 19:56:10,745 - TimesheetTracker - INFO - Database tables created successfully
2025-01-03 19:56:13,426 - TimesheetTracker - INFO - Processing timesheet upload: Hours Tracker.csv
2025-01-03 19:56:13,427 - TimesheetTracker - INFO - Starting CSV parsing
2025-01-03 19:56:13,430 - TimesheetTracker - ERROR - Error processing timesheet: cannot access local variable 'df' where it is not associated with a value
2025-01-03 19:56:27,525 - TimesheetTracker - INFO - Database tables created successfully
2025-01-03 19:56:27,557 - TimesheetTracker - INFO - Processing timesheet upload: Hours Tracker.csv
2025-01-03 19:56:27,557 - TimesheetTracker - INFO - Starting CSV parsing
2025-01-03 19:56:27,560 - TimesheetTracker - INFO - Processing 167 rows from CSV file
2025-01-03 19:56:27,569 - TimesheetTracker - ERROR - Error processing row 98: could not convert string to float: ''
2025-01-03 19:56:27,569 - TimesheetTracker - ERROR - Error processing timesheet: could not convert string to float: ''
2025-01-03 19:56:30,193 - TimesheetTracker - INFO - Processing timesheet upload: Hours Tracker.csv
2025-01-03 19:56:30,193 - TimesheetTracker - INFO - Starting CSV parsing
2025-01-03 19:56:30,195 - TimesheetTracker - INFO - Processing 167 rows from CSV file
2025-01-03 19:56:30,204 - TimesheetTracker - ERROR - Error processing row 98: could not convert string to float: ''
2025-01-03 19:56:30,204 - TimesheetTracker - ERROR - Error processing timesheet: could not convert string to float: ''
