2025-01-09 18:47:03,525 - TimesheetTracker - INFO - Verifying database connection on startup
2025-01-09 18:47:03,525 - TimesheetTracker - INFO - Verifying database connection and schema: postgresql+psycopg2://timesheetDatabase_owner:imz1MH3OjLef@ep-polished-snowflake-a846vhb3.eastus2.azure.neon.tech/timesheetDatabase?sslmode=require
2025-01-09 18:47:03,919 - TimesheetTracker - INFO - Database driver: psycopg2
2025-01-09 18:47:03,919 - TimesheetTracker - INFO - Database dialect: postgresql
2025-01-09 18:47:03,919 - TimesheetTracker - INFO - Successfully connected to database
2025-01-09 18:47:03,919 - TimesheetTracker - INFO - Checking 4 tables in schema
2025-01-09 18:47:03,919 - TimesheetTracker - DEBUG - Verifying table: customers
2025-01-09 18:47:03,970 - TimesheetTracker - DEBUG - Table customers exists with columns: ['name', 'contact_email', 'industry', 'status', 'address', 'phone', 'id', 'created_at', 'updated_at']
2025-01-09 18:47:03,971 - TimesheetTracker - DEBUG - Verifying table: project_managers
2025-01-09 18:47:03,995 - TimesheetTracker - DEBUG - Table project_managers exists with columns: ['name', 'email', 'id', 'created_at', 'updated_at']
2025-01-09 18:47:03,995 - TimesheetTracker - DEBUG - Verifying table: projects
2025-01-09 18:47:04,015 - TimesheetTracker - DEBUG - Table projects exists with columns: ['project_id', 'name', 'location', 'description', 'customer', 'project_manager', 'status', 'id', 'created_at', 'updated_at']
2025-01-09 18:47:04,015 - TimesheetTracker - DEBUG - Verifying table: time_entries
2025-01-09 18:47:04,035 - TimesheetTracker - DEBUG - Table time_entries exists with columns: ['week_number', 'month', 'category', 'subcategory', 'customer', 'project', 'task_description', 'hours', 'created_at', 'updated_at', 'id']
2025-01-09 18:47:04,036 - TimesheetTracker - INFO - Found tables: customers, project_managers, projects, time_entries
2025-01-09 18:47:04,037 - TimesheetTracker - INFO - Database verification completed successfully
2025-01-09 18:47:07,411 - TimesheetTracker - INFO - Root endpoint accessed
2025-01-09 18:48:38,900 - TimesheetTracker - INFO - Verifying database connection on startup
2025-01-09 18:48:38,900 - TimesheetTracker - INFO - Verifying database connection and schema: postgresql+psycopg2://timesheetDatabase_owner:imz1MH3OjLef@ep-polished-snowflake-a846vhb3.eastus2.azure.neon.tech/timesheetDatabase?sslmode=require
2025-01-09 18:48:39,256 - TimesheetTracker - INFO - Database driver: psycopg2
2025-01-09 18:48:39,256 - TimesheetTracker - INFO - Database dialect: postgresql
2025-01-09 18:48:39,256 - TimesheetTracker - INFO - Successfully connected to database
2025-01-09 18:48:39,257 - TimesheetTracker - INFO - Checking 4 tables in schema
2025-01-09 18:48:39,257 - TimesheetTracker - DEBUG - Verifying table: customers
2025-01-09 18:48:39,302 - TimesheetTracker - DEBUG - Table customers exists with columns: ['name', 'contact_email', 'industry', 'status', 'address', 'phone', 'id', 'created_at', 'updated_at']
2025-01-09 18:48:39,302 - TimesheetTracker - DEBUG - Verifying table: project_managers
2025-01-09 18:48:39,322 - TimesheetTracker - DEBUG - Table project_managers exists with columns: ['name', 'email', 'id', 'created_at', 'updated_at']
2025-01-09 18:48:39,322 - TimesheetTracker - DEBUG - Verifying table: projects
2025-01-09 18:48:39,342 - TimesheetTracker - DEBUG - Table projects exists with columns: ['project_id', 'name', 'location', 'description', 'customer', 'project_manager', 'status', 'id', 'created_at', 'updated_at']
2025-01-09 18:48:39,342 - TimesheetTracker - DEBUG - Verifying table: time_entries
2025-01-09 18:48:39,362 - TimesheetTracker - DEBUG - Table time_entries exists with columns: ['week_number', 'month', 'category', 'subcategory', 'customer', 'project', 'task_description', 'hours', 'created_at', 'updated_at', 'id']
2025-01-09 18:48:39,362 - TimesheetTracker - INFO - Found tables: customers, project_managers, projects, time_entries
2025-01-09 18:48:39,362 - TimesheetTracker - INFO - Database verification completed successfully
2025-01-09 18:52:06,033 - TimesheetTracker - INFO - Verifying database connection on startup
2025-01-09 18:52:06,035 - TimesheetTracker - INFO - Verifying database connection and schema: postgresql+psycopg2://timesheetDatabase_owner:imz1MH3OjLef@ep-polished-snowflake-a846vhb3.eastus2.azure.neon.tech/timesheetDatabase?sslmode=require
2025-01-09 18:52:06,351 - TimesheetTracker - INFO - Database driver: psycopg2
2025-01-09 18:52:06,351 - TimesheetTracker - INFO - Database dialect: postgresql
2025-01-09 18:52:06,352 - TimesheetTracker - INFO - Successfully connected to database
2025-01-09 18:52:06,352 - TimesheetTracker - INFO - Checking 4 tables in schema
2025-01-09 18:52:06,352 - TimesheetTracker - DEBUG - Verifying table: customers
2025-01-09 18:52:06,396 - TimesheetTracker - DEBUG - Table customers exists with columns: ['name', 'contact_email', 'industry', 'status', 'address', 'phone', 'id', 'created_at', 'updated_at']
2025-01-09 18:52:06,396 - TimesheetTracker - DEBUG - Verifying table: project_managers
2025-01-09 18:52:06,415 - TimesheetTracker - DEBUG - Table project_managers exists with columns: ['name', 'email', 'id', 'created_at', 'updated_at']
2025-01-09 18:52:06,416 - TimesheetTracker - DEBUG - Verifying table: projects
2025-01-09 18:52:06,435 - TimesheetTracker - DEBUG - Table projects exists with columns: ['project_id', 'name', 'location', 'description', 'customer', 'project_manager', 'status', 'id', 'created_at', 'updated_at']
2025-01-09 18:52:06,437 - TimesheetTracker - DEBUG - Verifying table: time_entries
2025-01-09 18:52:06,456 - TimesheetTracker - DEBUG - Table time_entries exists with columns: ['week_number', 'month', 'category', 'subcategory', 'customer', 'project', 'task_description', 'hours', 'created_at', 'updated_at', 'id']
2025-01-09 18:52:06,457 - TimesheetTracker - INFO - Found tables: customers, project_managers, projects, time_entries
2025-01-09 18:52:06,457 - TimesheetTracker - INFO - Database verification completed successfully
2025-01-09 18:52:09,609 - TimesheetTracker - INFO - Verifying database connection on startup
2025-01-09 18:52:09,609 - TimesheetTracker - INFO - Verifying database connection and schema: postgresql+psycopg2://timesheetDatabase_owner:imz1MH3OjLef@ep-polished-snowflake-a846vhb3.eastus2.azure.neon.tech/timesheetDatabase?sslmode=require
2025-01-09 18:52:09,938 - TimesheetTracker - INFO - Database driver: psycopg2
2025-01-09 18:52:09,939 - TimesheetTracker - INFO - Database dialect: postgresql
2025-01-09 18:52:09,939 - TimesheetTracker - INFO - Successfully connected to database
2025-01-09 18:52:09,940 - TimesheetTracker - INFO - Checking 4 tables in schema
2025-01-09 18:52:09,940 - TimesheetTracker - DEBUG - Verifying table: customers
2025-01-09 18:52:09,987 - TimesheetTracker - DEBUG - Table customers exists with columns: ['name', 'contact_email', 'industry', 'status', 'address', 'phone', 'id', 'created_at', 'updated_at']
2025-01-09 18:52:09,987 - TimesheetTracker - DEBUG - Verifying table: project_managers
2025-01-09 18:52:10,007 - TimesheetTracker - DEBUG - Table project_managers exists with columns: ['name', 'email', 'id', 'created_at', 'updated_at']
2025-01-09 18:52:10,008 - TimesheetTracker - DEBUG - Verifying table: projects
2025-01-09 18:52:10,030 - TimesheetTracker - DEBUG - Table projects exists with columns: ['project_id', 'name', 'location', 'description', 'customer', 'project_manager', 'status', 'id', 'created_at', 'updated_at']
2025-01-09 18:52:10,030 - TimesheetTracker - DEBUG - Verifying table: time_entries
2025-01-09 18:52:10,050 - TimesheetTracker - DEBUG - Table time_entries exists with columns: ['week_number', 'month', 'category', 'subcategory', 'customer', 'project', 'task_description', 'hours', 'created_at', 'updated_at', 'id']
2025-01-09 18:52:10,051 - TimesheetTracker - INFO - Found tables: customers, project_managers, projects, time_entries
2025-01-09 18:52:10,052 - TimesheetTracker - INFO - Database verification completed successfully
2025-01-09 18:52:11,227 - TimesheetTracker - DEBUG - Database session created
2025-01-09 18:52:11,228 - TimesheetTracker - INFO - Fetching time entries for date: 2025-01-09
2025-01-09 18:52:11,228 - TimesheetTracker - DEBUG - Executing database query for time entries on date: 2025-01-09
2025-01-09 18:52:11,331 - TimesheetTracker - INFO - No time entries found for date 2025-01-09
2025-01-09 18:52:11,331 - TimesheetTracker - INFO - No entries found for date: 2025-01-09
2025-01-09 18:52:11,352 - TimesheetTracker - DEBUG - Database session closed
2025-01-09 18:52:12,665 - TimesheetTracker - INFO - Root endpoint accessed
2025-01-09 18:58:20,313 - TimesheetTracker - DEBUG - Database session created
2025-01-09 18:58:20,316 - TimesheetTracker - INFO - Fetching time entries for date: 2024-12-06
2025-01-09 18:58:20,319 - TimesheetTracker - DEBUG - Executing database query for time entries on date: 2024-12-06
2025-01-09 18:58:21,790 - TimesheetTracker - INFO - No time entries found for date 2024-12-06
2025-01-09 18:58:21,798 - TimesheetTracker - INFO - No entries found for date: 2024-12-06
2025-01-09 18:58:21,827 - TimesheetTracker - DEBUG - Database session closed
2025-01-09 19:07:36,359 - TimesheetTracker - INFO - Verifying database connection on startup
2025-01-09 19:07:36,359 - TimesheetTracker - INFO - Verifying database connection and schema: postgresql+psycopg2://timesheetDatabase_owner:imz1MH3OjLef@ep-polished-snowflake-a846vhb3.eastus2.azure.neon.tech/timesheetDatabase?sslmode=require
2025-01-09 19:07:37,600 - TimesheetTracker - INFO - Database driver: psycopg2
2025-01-09 19:07:37,600 - TimesheetTracker - INFO - Database dialect: postgresql
2025-01-09 19:07:37,600 - TimesheetTracker - INFO - Successfully connected to database
2025-01-09 19:07:37,600 - TimesheetTracker - INFO - Checking 4 tables in schema
2025-01-09 19:07:37,600 - TimesheetTracker - DEBUG - Verifying table: customers
2025-01-09 19:07:37,663 - TimesheetTracker - DEBUG - Table customers exists with columns: ['name', 'contact_email', 'industry', 'status', 'address', 'phone', 'id', 'created_at', 'updated_at']
2025-01-09 19:07:37,663 - TimesheetTracker - DEBUG - Verifying table: project_managers
2025-01-09 19:07:37,684 - TimesheetTracker - DEBUG - Table project_managers exists with columns: ['name', 'email', 'id', 'created_at', 'updated_at']
2025-01-09 19:07:37,685 - TimesheetTracker - DEBUG - Verifying table: projects
2025-01-09 19:07:37,706 - TimesheetTracker - DEBUG - Table projects exists with columns: ['project_id', 'name', 'location', 'description', 'customer', 'project_manager', 'status', 'id', 'created_at', 'updated_at']
2025-01-09 19:07:37,707 - TimesheetTracker - DEBUG - Verifying table: time_entries
2025-01-09 19:07:37,728 - TimesheetTracker - DEBUG - Table time_entries exists with columns: ['week_number', 'month', 'category', 'subcategory', 'customer', 'project', 'task_description', 'hours', 'date', 'created_at', 'updated_at', 'id']
2025-01-09 19:07:37,728 - TimesheetTracker - INFO - Found tables: customers, project_managers, projects, time_entries
2025-01-09 19:07:37,733 - TimesheetTracker - INFO - Database verification completed successfully
2025-01-09 19:07:43,298 - TimesheetTracker - INFO - Verifying database connection on startup
2025-01-09 19:07:43,300 - TimesheetTracker - INFO - Verifying database connection and schema: postgresql+psycopg2://timesheetDatabase_owner:imz1MH3OjLef@ep-polished-snowflake-a846vhb3.eastus2.azure.neon.tech/timesheetDatabase?sslmode=require
2025-01-09 19:07:43,639 - TimesheetTracker - INFO - Database driver: psycopg2
2025-01-09 19:07:43,639 - TimesheetTracker - INFO - Database dialect: postgresql
2025-01-09 19:07:43,639 - TimesheetTracker - INFO - Successfully connected to database
2025-01-09 19:07:43,640 - TimesheetTracker - INFO - Checking 4 tables in schema
2025-01-09 19:07:43,640 - TimesheetTracker - DEBUG - Verifying table: customers
2025-01-09 19:07:43,685 - TimesheetTracker - DEBUG - Table customers exists with columns: ['name', 'contact_email', 'industry', 'status', 'address', 'phone', 'id', 'created_at', 'updated_at']
2025-01-09 19:07:43,686 - TimesheetTracker - DEBUG - Verifying table: project_managers
2025-01-09 19:07:43,705 - TimesheetTracker - DEBUG - Table project_managers exists with columns: ['name', 'email', 'id', 'created_at', 'updated_at']
2025-01-09 19:07:43,705 - TimesheetTracker - DEBUG - Verifying table: projects
2025-01-09 19:07:43,725 - TimesheetTracker - DEBUG - Table projects exists with columns: ['project_id', 'name', 'location', 'description', 'customer', 'project_manager', 'status', 'id', 'created_at', 'updated_at']
2025-01-09 19:07:43,726 - TimesheetTracker - DEBUG - Verifying table: time_entries
2025-01-09 19:07:43,746 - TimesheetTracker - DEBUG - Table time_entries exists with columns: ['week_number', 'month', 'category', 'subcategory', 'customer', 'project', 'task_description', 'hours', 'date', 'created_at', 'updated_at', 'id']
2025-01-09 19:07:43,746 - TimesheetTracker - INFO - Found tables: customers, project_managers, projects, time_entries
2025-01-09 19:07:43,746 - TimesheetTracker - INFO - Database verification completed successfully
2025-01-09 19:07:45,098 - TimesheetTracker - INFO - Root endpoint accessed
2025-01-09 19:09:02,796 - TimesheetTracker - INFO - Verifying database connection on startup
2025-01-09 19:09:02,797 - TimesheetTracker - INFO - Verifying database connection and schema: postgresql+psycopg2://timesheetDatabase_owner:imz1MH3OjLef@ep-polished-snowflake-a846vhb3.eastus2.azure.neon.tech/timesheetDatabase?sslmode=require
2025-01-09 19:09:03,114 - TimesheetTracker - INFO - Database driver: psycopg2
2025-01-09 19:09:03,115 - TimesheetTracker - INFO - Database dialect: postgresql
2025-01-09 19:09:03,115 - TimesheetTracker - INFO - Successfully connected to database
2025-01-09 19:09:03,115 - TimesheetTracker - INFO - Checking 4 tables in schema
2025-01-09 19:09:03,115 - TimesheetTracker - DEBUG - Verifying table: customers
2025-01-09 19:09:03,159 - TimesheetTracker - DEBUG - Table customers exists with columns: ['name', 'contact_email', 'industry', 'status', 'address', 'phone', 'id', 'created_at', 'updated_at']
2025-01-09 19:09:03,159 - TimesheetTracker - DEBUG - Verifying table: project_managers
2025-01-09 19:09:03,184 - TimesheetTracker - DEBUG - Table project_managers exists with columns: ['name', 'email', 'id', 'created_at', 'updated_at']
2025-01-09 19:09:03,185 - TimesheetTracker - DEBUG - Verifying table: projects
2025-01-09 19:09:03,205 - TimesheetTracker - DEBUG - Table projects exists with columns: ['project_id', 'name', 'location', 'description', 'customer', 'project_manager', 'status', 'id', 'created_at', 'updated_at']
2025-01-09 19:09:03,206 - TimesheetTracker - DEBUG - Verifying table: time_entries
2025-01-09 19:09:03,226 - TimesheetTracker - DEBUG - Table time_entries exists with columns: ['week_number', 'month', 'category', 'subcategory', 'customer', 'project', 'task_description', 'hours', 'date', 'created_at', 'updated_at', 'id']
2025-01-09 19:09:03,226 - TimesheetTracker - INFO - Found tables: customers, project_managers, projects, time_entries
2025-01-09 19:09:03,227 - TimesheetTracker - INFO - Database verification completed successfully
2025-01-09 19:09:26,712 - TimesheetTracker - INFO - Verifying database connection on startup
2025-01-09 19:09:26,713 - TimesheetTracker - INFO - Verifying database connection and schema: postgresql+psycopg2://timesheetDatabase_owner:imz1MH3OjLef@ep-polished-snowflake-a846vhb3.eastus2.azure.neon.tech/timesheetDatabase?sslmode=require
2025-01-09 19:09:27,021 - TimesheetTracker - INFO - Database driver: psycopg2
2025-01-09 19:09:27,021 - TimesheetTracker - INFO - Database dialect: postgresql
2025-01-09 19:09:27,021 - TimesheetTracker - INFO - Successfully connected to database
2025-01-09 19:09:27,021 - TimesheetTracker - INFO - Checking 4 tables in schema
2025-01-09 19:09:27,022 - TimesheetTracker - DEBUG - Verifying table: customers
2025-01-09 19:09:27,065 - TimesheetTracker - DEBUG - Table customers exists with columns: ['name', 'contact_email', 'industry', 'status', 'address', 'phone', 'id', 'created_at', 'updated_at']
2025-01-09 19:09:27,067 - TimesheetTracker - DEBUG - Verifying table: project_managers
2025-01-09 19:09:27,087 - TimesheetTracker - DEBUG - Table project_managers exists with columns: ['name', 'email', 'id', 'created_at', 'updated_at']
2025-01-09 19:09:27,088 - TimesheetTracker - DEBUG - Verifying table: projects
2025-01-09 19:09:27,108 - TimesheetTracker - DEBUG - Table projects exists with columns: ['project_id', 'name', 'location', 'description', 'customer', 'project_manager', 'status', 'id', 'created_at', 'updated_at']
2025-01-09 19:09:27,108 - TimesheetTracker - DEBUG - Verifying table: time_entries
2025-01-09 19:09:27,128 - TimesheetTracker - DEBUG - Table time_entries exists with columns: ['week_number', 'month', 'category', 'subcategory', 'customer', 'project', 'task_description', 'hours', 'date', 'created_at', 'updated_at', 'id']
2025-01-09 19:09:27,130 - TimesheetTracker - INFO - Found tables: customers, project_managers, projects, time_entries
2025-01-09 19:09:27,131 - TimesheetTracker - INFO - Database verification completed successfully
2025-01-09 19:09:28,328 - TimesheetTracker - INFO - Root endpoint accessed
2025-01-09 19:09:52,564 - TimesheetTracker - INFO - Verifying database connection on startup
2025-01-09 19:09:52,565 - TimesheetTracker - INFO - Verifying database connection and schema: postgresql+psycopg2://timesheetDatabase_owner:imz1MH3OjLef@ep-polished-snowflake-a846vhb3.eastus2.azure.neon.tech/timesheetDatabase?sslmode=require
2025-01-09 19:09:52,880 - TimesheetTracker - INFO - Database driver: psycopg2
2025-01-09 19:09:52,880 - TimesheetTracker - INFO - Database dialect: postgresql
2025-01-09 19:09:52,880 - TimesheetTracker - INFO - Successfully connected to database
2025-01-09 19:09:52,880 - TimesheetTracker - INFO - Checking 4 tables in schema
2025-01-09 19:09:52,880 - TimesheetTracker - DEBUG - Verifying table: customers
2025-01-09 19:09:52,934 - TimesheetTracker - DEBUG - Table customers exists with columns: ['name', 'contact_email', 'industry', 'status', 'address', 'phone', 'id', 'created_at', 'updated_at']
2025-01-09 19:09:52,935 - TimesheetTracker - DEBUG - Verifying table: project_managers
2025-01-09 19:09:52,955 - TimesheetTracker - DEBUG - Table project_managers exists with columns: ['name', 'email', 'id', 'created_at', 'updated_at']
2025-01-09 19:09:52,955 - TimesheetTracker - DEBUG - Verifying table: projects
2025-01-09 19:09:52,975 - TimesheetTracker - DEBUG - Table projects exists with columns: ['project_id', 'name', 'location', 'description', 'customer', 'project_manager', 'status', 'id', 'created_at', 'updated_at']
2025-01-09 19:09:52,975 - TimesheetTracker - DEBUG - Verifying table: time_entries
2025-01-09 19:09:52,996 - TimesheetTracker - DEBUG - Table time_entries exists with columns: ['week_number', 'month', 'category', 'subcategory', 'customer', 'project', 'task_description', 'hours', 'date', 'created_at', 'updated_at', 'id']
2025-01-09 19:09:52,996 - TimesheetTracker - INFO - Found tables: customers, project_managers, projects, time_entries
2025-01-09 19:09:52,996 - TimesheetTracker - INFO - Database verification completed successfully
2025-01-09 19:09:54,209 - TimesheetTracker - INFO - Root endpoint accessed
2025-01-09 19:10:20,562 - TimesheetTracker - INFO - Verifying database connection on startup
2025-01-09 19:10:20,564 - TimesheetTracker - INFO - Verifying database connection and schema: postgresql+psycopg2://timesheetDatabase_owner:imz1MH3OjLef@ep-polished-snowflake-a846vhb3.eastus2.azure.neon.tech/timesheetDatabase?sslmode=require
2025-01-09 19:10:20,882 - TimesheetTracker - INFO - Database driver: psycopg2
2025-01-09 19:10:20,882 - TimesheetTracker - INFO - Database dialect: postgresql
2025-01-09 19:10:20,882 - TimesheetTracker - INFO - Successfully connected to database
2025-01-09 19:10:20,883 - TimesheetTracker - INFO - Checking 4 tables in schema
2025-01-09 19:10:20,883 - TimesheetTracker - DEBUG - Verifying table: customers
2025-01-09 19:10:20,926 - TimesheetTracker - DEBUG - Table customers exists with columns: ['name', 'contact_email', 'industry', 'status', 'address', 'phone', 'id', 'created_at', 'updated_at']
2025-01-09 19:10:20,926 - TimesheetTracker - DEBUG - Verifying table: project_managers
2025-01-09 19:10:20,945 - TimesheetTracker - DEBUG - Table project_managers exists with columns: ['name', 'email', 'id', 'created_at', 'updated_at']
2025-01-09 19:10:20,947 - TimesheetTracker - DEBUG - Verifying table: projects
2025-01-09 19:10:20,967 - TimesheetTracker - DEBUG - Table projects exists with columns: ['project_id', 'name', 'location', 'description', 'customer', 'project_manager', 'status', 'id', 'created_at', 'updated_at']
2025-01-09 19:10:20,967 - TimesheetTracker - DEBUG - Verifying table: time_entries
2025-01-09 19:10:20,987 - TimesheetTracker - DEBUG - Table time_entries exists with columns: ['week_number', 'month', 'category', 'subcategory', 'customer', 'project', 'task_description', 'hours', 'date', 'created_at', 'updated_at', 'id']
2025-01-09 19:10:20,989 - TimesheetTracker - INFO - Found tables: customers, project_managers, projects, time_entries
2025-01-09 19:10:20,989 - TimesheetTracker - INFO - Database verification completed successfully
2025-01-09 19:10:21,881 - TimesheetTracker - INFO - Root endpoint accessed
2025-01-09 19:10:22,178 - TimesheetTracker - INFO - Root endpoint accessed
2025-01-09 19:10:22,631 - TimesheetTracker - INFO - Root endpoint accessed
2025-01-09 19:14:01,583 - TimesheetTracker - INFO - Verifying database connection on startup
2025-01-09 19:14:01,584 - TimesheetTracker - INFO - Verifying database connection and schema: postgresql+psycopg2://timesheetDatabase_owner:imz1MH3OjLef@ep-polished-snowflake-a846vhb3.eastus2.azure.neon.tech/timesheetDatabase?sslmode=require
2025-01-09 19:14:01,965 - TimesheetTracker - INFO - Database driver: psycopg2
2025-01-09 19:14:01,966 - TimesheetTracker - INFO - Database dialect: postgresql
2025-01-09 19:14:01,966 - TimesheetTracker - INFO - Successfully connected to database
2025-01-09 19:14:01,967 - TimesheetTracker - INFO - Checking 4 tables in schema
2025-01-09 19:14:01,967 - TimesheetTracker - DEBUG - Verifying table: customers
2025-01-09 19:14:02,013 - TimesheetTracker - DEBUG - Table customers exists with columns: ['name', 'contact_email', 'industry', 'status', 'address', 'phone', 'id', 'created_at', 'updated_at']
2025-01-09 19:14:02,013 - TimesheetTracker - DEBUG - Verifying table: project_managers
2025-01-09 19:14:02,033 - TimesheetTracker - DEBUG - Table project_managers exists with columns: ['name', 'email', 'id', 'created_at', 'updated_at']
2025-01-09 19:14:02,033 - TimesheetTracker - DEBUG - Verifying table: projects
2025-01-09 19:14:02,053 - TimesheetTracker - DEBUG - Table projects exists with columns: ['project_id', 'name', 'location', 'description', 'customer', 'project_manager', 'status', 'id', 'created_at', 'updated_at']
2025-01-09 19:14:02,053 - TimesheetTracker - DEBUG - Verifying table: time_entries
2025-01-09 19:14:02,073 - TimesheetTracker - DEBUG - Table time_entries exists with columns: ['week_number', 'month', 'category', 'subcategory', 'customer', 'project', 'task_description', 'hours', 'date', 'created_at', 'updated_at', 'id']
2025-01-09 19:14:02,074 - TimesheetTracker - INFO - Found tables: customers, project_managers, projects, time_entries
2025-01-09 19:14:02,074 - TimesheetTracker - INFO - Database verification completed successfully
2025-01-09 19:14:04,744 - TimesheetTracker - INFO - Root endpoint accessed
2025-01-09 19:14:27,907 - TimesheetTracker - INFO - Verifying database connection on startup
2025-01-09 19:14:27,908 - TimesheetTracker - INFO - Verifying database connection and schema: postgresql+psycopg2://timesheetDatabase_owner:imz1MH3OjLef@ep-polished-snowflake-a846vhb3.eastus2.azure.neon.tech/timesheetDatabase?sslmode=require
2025-01-09 19:14:28,231 - TimesheetTracker - INFO - Database driver: psycopg2
2025-01-09 19:14:28,231 - TimesheetTracker - INFO - Database dialect: postgresql
2025-01-09 19:14:28,231 - TimesheetTracker - INFO - Successfully connected to database
2025-01-09 19:14:28,231 - TimesheetTracker - INFO - Checking 4 tables in schema
2025-01-09 19:14:28,232 - TimesheetTracker - DEBUG - Verifying table: customers
2025-01-09 19:14:28,276 - TimesheetTracker - DEBUG - Table customers exists with columns: ['name', 'contact_email', 'industry', 'status', 'address', 'phone', 'id', 'created_at', 'updated_at']
2025-01-09 19:14:28,278 - TimesheetTracker - DEBUG - Verifying table: project_managers
2025-01-09 19:14:28,299 - TimesheetTracker - DEBUG - Table project_managers exists with columns: ['name', 'email', 'id', 'created_at', 'updated_at']
2025-01-09 19:14:28,299 - TimesheetTracker - DEBUG - Verifying table: projects
2025-01-09 19:14:28,320 - TimesheetTracker - DEBUG - Table projects exists with columns: ['project_id', 'name', 'location', 'description', 'customer', 'project_manager', 'status', 'id', 'created_at', 'updated_at']
2025-01-09 19:14:28,320 - TimesheetTracker - DEBUG - Verifying table: time_entries
2025-01-09 19:14:28,341 - TimesheetTracker - DEBUG - Table time_entries exists with columns: ['week_number', 'month', 'category', 'subcategory', 'customer', 'project', 'task_description', 'hours', 'date', 'created_at', 'updated_at', 'id']
2025-01-09 19:14:28,342 - TimesheetTracker - INFO - Found tables: customers, project_managers, projects, time_entries
2025-01-09 19:14:28,342 - TimesheetTracker - INFO - Database verification completed successfully
2025-01-09 19:14:29,536 - TimesheetTracker - INFO - Root endpoint accessed
2025-01-09 19:15:09,059 - TimesheetTracker - INFO - Verifying database connection on startup
2025-01-09 19:15:09,061 - TimesheetTracker - INFO - Verifying database connection and schema: postgresql+psycopg2://timesheetDatabase_owner:imz1MH3OjLef@ep-polished-snowflake-a846vhb3.eastus2.azure.neon.tech/timesheetDatabase?sslmode=require
2025-01-09 19:15:09,385 - TimesheetTracker - INFO - Database driver: psycopg2
2025-01-09 19:15:09,385 - TimesheetTracker - INFO - Database dialect: postgresql
2025-01-09 19:15:09,386 - TimesheetTracker - INFO - Successfully connected to database
2025-01-09 19:15:09,387 - TimesheetTracker - INFO - Checking 4 tables in schema
2025-01-09 19:15:09,387 - TimesheetTracker - DEBUG - Verifying table: customers
2025-01-09 19:15:09,432 - TimesheetTracker - DEBUG - Table customers exists with columns: ['name', 'contact_email', 'industry', 'status', 'address', 'phone', 'id', 'created_at', 'updated_at']
2025-01-09 19:15:09,432 - TimesheetTracker - DEBUG - Verifying table: project_managers
2025-01-09 19:15:09,453 - TimesheetTracker - DEBUG - Table project_managers exists with columns: ['name', 'email', 'id', 'created_at', 'updated_at']
2025-01-09 19:15:09,453 - TimesheetTracker - DEBUG - Verifying table: projects
2025-01-09 19:15:09,473 - TimesheetTracker - DEBUG - Table projects exists with columns: ['project_id', 'name', 'location', 'description', 'customer', 'project_manager', 'status', 'id', 'created_at', 'updated_at']
2025-01-09 19:15:09,473 - TimesheetTracker - DEBUG - Verifying table: time_entries
2025-01-09 19:15:09,497 - TimesheetTracker - DEBUG - Table time_entries exists with columns: ['week_number', 'month', 'category', 'subcategory', 'customer', 'project', 'task_description', 'hours', 'date', 'created_at', 'updated_at', 'id']
2025-01-09 19:15:09,497 - TimesheetTracker - INFO - Found tables: customers, project_managers, projects, time_entries
2025-01-09 19:15:09,497 - TimesheetTracker - INFO - Database verification completed successfully
2025-01-09 19:15:10,568 - TimesheetTracker - INFO - Root endpoint accessed
2025-01-09 19:15:10,756 - TimesheetTracker - INFO - Root endpoint accessed
2025-01-09 19:15:11,040 - TimesheetTracker - INFO - Root endpoint accessed
2025-01-09 19:17:37,119 - TimesheetTracker - INFO - Starting FastAPI server
2025-01-09 19:17:37,141 - TimesheetTracker - INFO - Verifying database connection on startup
2025-01-09 19:17:37,141 - TimesheetTracker - INFO - Verifying database connection and schema: postgresql+psycopg2://timesheetDatabase_owner:imz1MH3OjLef@ep-polished-snowflake-a846vhb3.eastus2.azure.neon.tech/timesheetDatabase?sslmode=require
2025-01-09 19:17:37,478 - TimesheetTracker - INFO - Database driver: psycopg2
2025-01-09 19:17:37,478 - TimesheetTracker - INFO - Database dialect: postgresql
2025-01-09 19:17:37,479 - TimesheetTracker - INFO - Successfully connected to database
2025-01-09 19:17:37,479 - TimesheetTracker - INFO - Checking 4 tables in schema
2025-01-09 19:17:37,479 - TimesheetTracker - DEBUG - Verifying table: customers
2025-01-09 19:17:37,523 - TimesheetTracker - WARNING - Table customers does not exist
2025-01-09 19:17:37,524 - TimesheetTracker - DEBUG - Verifying table: project_managers
2025-01-09 19:17:37,544 - TimesheetTracker - WARNING - Table project_managers does not exist
2025-01-09 19:17:37,544 - TimesheetTracker - DEBUG - Verifying table: projects
2025-01-09 19:17:37,564 - TimesheetTracker - WARNING - Table projects does not exist
2025-01-09 19:17:37,564 - TimesheetTracker - DEBUG - Verifying table: time_entries
2025-01-09 19:17:37,584 - TimesheetTracker - WARNING - Table time_entries does not exist
2025-01-09 19:17:37,584 - TimesheetTracker - WARNING - Missing tables: customers, project_managers, projects, time_entries
2025-01-09 19:17:37,604 - TimesheetTracker - WARNING - Database verification failed - schema may need initialization
2025-01-09 19:17:38,815 - TimesheetTracker - INFO - Root endpoint accessed
2025-01-09 19:18:06,656 - TimesheetTracker - DEBUG - Database session created
2025-01-09 19:18:06,658 - TimesheetTracker - INFO - Initializing database
2025-01-09 19:18:06,658 - TimesheetTracker - INFO - Verifying database connection and schema: postgresql+psycopg2://timesheetDatabase_owner:imz1MH3OjLef@ep-polished-snowflake-a846vhb3.eastus2.azure.neon.tech/timesheetDatabase?sslmode=require
2025-01-09 19:18:06,678 - TimesheetTracker - INFO - Database driver: psycopg2
2025-01-09 19:18:06,679 - TimesheetTracker - INFO - Database dialect: postgresql
2025-01-09 19:18:06,679 - TimesheetTracker - INFO - Successfully connected to database
2025-01-09 19:18:06,679 - TimesheetTracker - INFO - Checking 4 tables in schema
2025-01-09 19:18:06,679 - TimesheetTracker - DEBUG - Verifying table: customers
2025-01-09 19:18:06,718 - TimesheetTracker - WARNING - Table customers does not exist
2025-01-09 19:18:06,718 - TimesheetTracker - DEBUG - Verifying table: project_managers
2025-01-09 19:18:06,738 - TimesheetTracker - WARNING - Table project_managers does not exist
2025-01-09 19:18:06,738 - TimesheetTracker - DEBUG - Verifying table: projects
2025-01-09 19:18:06,758 - TimesheetTracker - WARNING - Table projects does not exist
2025-01-09 19:18:06,759 - TimesheetTracker - DEBUG - Verifying table: time_entries
2025-01-09 19:18:06,779 - TimesheetTracker - WARNING - Table time_entries does not exist
2025-01-09 19:18:06,780 - TimesheetTracker - WARNING - Missing tables: customers, project_managers, projects, time_entries
2025-01-09 19:18:06,923 - TimesheetTracker - INFO - Running database migrations
2025-01-09 19:18:06,924 - TimesheetTracker - DEBUG - Alembic config loaded from: alembic.ini
2025-01-09 19:18:06,925 - TimesheetTracker - DEBUG - Script location: migrations
2025-01-09 19:18:06,925 - TimesheetTracker - INFO - Starting migration process
2025-01-09 19:20:47,339 - TimesheetTracker - INFO - Verifying database connection on startup
2025-01-09 19:20:47,339 - TimesheetTracker - INFO - Verifying database connection and schema: postgresql+psycopg2://timesheetDatabase_owner:imz1MH3OjLef@ep-polished-snowflake-a846vhb3.eastus2.azure.neon.tech/timesheetDatabase?sslmode=require
2025-01-09 19:20:47,678 - TimesheetTracker - INFO - Database driver: psycopg2
2025-01-09 19:20:47,679 - TimesheetTracker - INFO - Database dialect: postgresql
2025-01-09 19:20:47,680 - TimesheetTracker - INFO - Successfully connected to database
2025-01-09 19:20:47,680 - TimesheetTracker - INFO - Checking 4 tables in schema
2025-01-09 19:20:47,681 - TimesheetTracker - DEBUG - Verifying table: customers
2025-01-09 19:20:47,724 - TimesheetTracker - WARNING - Table customers does not exist
2025-01-09 19:20:47,726 - TimesheetTracker - DEBUG - Verifying table: project_managers
2025-01-09 19:20:47,746 - TimesheetTracker - WARNING - Table project_managers does not exist
2025-01-09 19:20:47,746 - TimesheetTracker - DEBUG - Verifying table: projects
2025-01-09 19:20:47,767 - TimesheetTracker - WARNING - Table projects does not exist
2025-01-09 19:20:47,767 - TimesheetTracker - DEBUG - Verifying table: time_entries
2025-01-09 19:20:47,786 - TimesheetTracker - WARNING - Table time_entries does not exist
2025-01-09 19:20:47,787 - TimesheetTracker - WARNING - Missing tables: customers, project_managers, projects, time_entries
2025-01-09 19:20:47,806 - TimesheetTracker - WARNING - Database verification failed - schema may need initialization
2025-01-09 19:22:59,612 - TimesheetTracker - INFO - Verifying database connection on startup
2025-01-09 19:22:59,613 - TimesheetTracker - INFO - Verifying database connection and schema: postgresql+psycopg2://timesheetDatabase_owner:imz1MH3OjLef@ep-polished-snowflake-a846vhb3.eastus2.azure.neon.tech/timesheetDatabase?sslmode=require
2025-01-09 19:22:59,961 - TimesheetTracker - INFO - Database driver: psycopg2
2025-01-09 19:22:59,961 - TimesheetTracker - INFO - Database dialect: postgresql
2025-01-09 19:22:59,961 - TimesheetTracker - INFO - Successfully connected to database
2025-01-09 19:22:59,962 - TimesheetTracker - INFO - Checking 4 tables in schema
2025-01-09 19:22:59,962 - TimesheetTracker - DEBUG - Verifying table: customers
2025-01-09 19:23:00,007 - TimesheetTracker - WARNING - Table customers does not exist
2025-01-09 19:23:00,008 - TimesheetTracker - DEBUG - Verifying table: project_managers
2025-01-09 19:23:00,029 - TimesheetTracker - WARNING - Table project_managers does not exist
2025-01-09 19:23:00,029 - TimesheetTracker - DEBUG - Verifying table: projects
2025-01-09 19:23:00,049 - TimesheetTracker - WARNING - Table projects does not exist
2025-01-09 19:23:00,050 - TimesheetTracker - DEBUG - Verifying table: time_entries
2025-01-09 19:23:00,071 - TimesheetTracker - WARNING - Table time_entries does not exist
2025-01-09 19:23:00,071 - TimesheetTracker - WARNING - Missing tables: customers, project_managers, projects, time_entries
2025-01-09 19:23:00,091 - TimesheetTracker - WARNING - Database verification failed - schema may need initialization
2025-01-09 19:23:02,156 - TimesheetTracker - INFO - Verifying database connection on startup
2025-01-09 19:23:02,156 - TimesheetTracker - INFO - Verifying database connection and schema: postgresql+psycopg2://timesheetDatabase_owner:imz1MH3OjLef@ep-polished-snowflake-a846vhb3.eastus2.azure.neon.tech/timesheetDatabase?sslmode=require
2025-01-09 19:23:02,485 - TimesheetTracker - INFO - Database driver: psycopg2
2025-01-09 19:23:02,485 - TimesheetTracker - INFO - Database dialect: postgresql
2025-01-09 19:23:02,485 - TimesheetTracker - INFO - Successfully connected to database
2025-01-09 19:23:02,486 - TimesheetTracker - INFO - Checking 4 tables in schema
2025-01-09 19:23:02,486 - TimesheetTracker - DEBUG - Verifying table: customers
2025-01-09 19:23:02,530 - TimesheetTracker - WARNING - Table customers does not exist
2025-01-09 19:23:02,531 - TimesheetTracker - DEBUG - Verifying table: project_managers
2025-01-09 19:23:02,551 - TimesheetTracker - WARNING - Table project_managers does not exist
2025-01-09 19:23:02,551 - TimesheetTracker - DEBUG - Verifying table: projects
2025-01-09 19:23:02,571 - TimesheetTracker - WARNING - Table projects does not exist
2025-01-09 19:23:02,571 - TimesheetTracker - DEBUG - Verifying table: time_entries
2025-01-09 19:23:02,591 - TimesheetTracker - WARNING - Table time_entries does not exist
2025-01-09 19:23:02,592 - TimesheetTracker - WARNING - Missing tables: customers, project_managers, projects, time_entries
2025-01-09 19:23:02,612 - TimesheetTracker - WARNING - Database verification failed - schema may need initialization
2025-01-09 19:23:04,307 - TimesheetTracker - INFO - Root endpoint accessed
2025-01-09 19:23:41,798 - TimesheetTracker - INFO - Verifying database connection on startup
2025-01-09 19:23:41,798 - TimesheetTracker - INFO - Verifying database connection and schema: postgresql+psycopg2://timesheetDatabase_owner:imz1MH3OjLef@ep-polished-snowflake-a846vhb3.eastus2.azure.neon.tech/timesheetDatabase?sslmode=require
2025-01-09 19:23:42,112 - TimesheetTracker - INFO - Database driver: psycopg2
2025-01-09 19:23:42,112 - TimesheetTracker - INFO - Database dialect: postgresql
2025-01-09 19:23:42,113 - TimesheetTracker - INFO - Successfully connected to database
2025-01-09 19:23:42,113 - TimesheetTracker - INFO - Checking 4 tables in schema
2025-01-09 19:23:42,113 - TimesheetTracker - DEBUG - Verifying table: customers
2025-01-09 19:23:42,158 - TimesheetTracker - WARNING - Table customers does not exist
2025-01-09 19:23:42,158 - TimesheetTracker - DEBUG - Verifying table: project_managers
2025-01-09 19:23:42,178 - TimesheetTracker - WARNING - Table project_managers does not exist
2025-01-09 19:23:42,178 - TimesheetTracker - DEBUG - Verifying table: projects
2025-01-09 19:23:42,198 - TimesheetTracker - WARNING - Table projects does not exist
2025-01-09 19:23:42,198 - TimesheetTracker - DEBUG - Verifying table: time_entries
2025-01-09 19:23:42,219 - TimesheetTracker - WARNING - Table time_entries does not exist
2025-01-09 19:23:42,219 - TimesheetTracker - WARNING - Missing tables: customers, project_managers, projects, time_entries
2025-01-09 19:23:42,240 - TimesheetTracker - WARNING - Database verification failed - schema may need initialization
2025-01-09 19:23:59,762 - TimesheetTracker - INFO - Verifying database connection on startup
2025-01-09 19:23:59,762 - TimesheetTracker - INFO - Verifying database connection and schema: postgresql+psycopg2://timesheetDatabase_owner:imz1MH3OjLef@ep-polished-snowflake-a846vhb3.eastus2.azure.neon.tech/timesheetDatabase?sslmode=require
2025-01-09 19:24:00,069 - TimesheetTracker - INFO - Database driver: psycopg2
2025-01-09 19:24:00,069 - TimesheetTracker - INFO - Database dialect: postgresql
2025-01-09 19:24:00,070 - TimesheetTracker - INFO - Successfully connected to database
2025-01-09 19:24:00,070 - TimesheetTracker - INFO - Checking 4 tables in schema
2025-01-09 19:24:00,070 - TimesheetTracker - DEBUG - Verifying table: customers
2025-01-09 19:24:00,115 - TimesheetTracker - WARNING - Table customers does not exist
2025-01-09 19:24:00,115 - TimesheetTracker - DEBUG - Verifying table: project_managers
2025-01-09 19:24:00,135 - TimesheetTracker - WARNING - Table project_managers does not exist
2025-01-09 19:24:00,135 - TimesheetTracker - DEBUG - Verifying table: projects
2025-01-09 19:24:00,155 - TimesheetTracker - WARNING - Table projects does not exist
2025-01-09 19:24:00,155 - TimesheetTracker - DEBUG - Verifying table: time_entries
2025-01-09 19:24:00,175 - TimesheetTracker - WARNING - Table time_entries does not exist
2025-01-09 19:24:00,175 - TimesheetTracker - WARNING - Missing tables: customers, project_managers, projects, time_entries
2025-01-09 19:24:00,194 - TimesheetTracker - WARNING - Database verification failed - schema may need initialization
2025-01-09 19:24:00,412 - TimesheetTracker - INFO - Root endpoint accessed
2025-01-09 19:24:02,886 - TimesheetTracker - INFO - Verifying database connection on startup
2025-01-09 19:24:02,886 - TimesheetTracker - INFO - Verifying database connection and schema: postgresql+psycopg2://timesheetDatabase_owner:imz1MH3OjLef@ep-polished-snowflake-a846vhb3.eastus2.azure.neon.tech/timesheetDatabase?sslmode=require
2025-01-09 19:24:03,190 - TimesheetTracker - INFO - Database driver: psycopg2
2025-01-09 19:24:03,190 - TimesheetTracker - INFO - Database dialect: postgresql
2025-01-09 19:24:03,190 - TimesheetTracker - INFO - Successfully connected to database
2025-01-09 19:24:03,191 - TimesheetTracker - INFO - Checking 4 tables in schema
2025-01-09 19:24:03,191 - TimesheetTracker - DEBUG - Verifying table: customers
2025-01-09 19:24:03,235 - TimesheetTracker - WARNING - Table customers does not exist
2025-01-09 19:24:03,236 - TimesheetTracker - DEBUG - Verifying table: project_managers
2025-01-09 19:24:03,256 - TimesheetTracker - WARNING - Table project_managers does not exist
2025-01-09 19:24:03,256 - TimesheetTracker - DEBUG - Verifying table: projects
2025-01-09 19:24:03,276 - TimesheetTracker - WARNING - Table projects does not exist
2025-01-09 19:24:03,276 - TimesheetTracker - DEBUG - Verifying table: time_entries
2025-01-09 19:24:03,296 - TimesheetTracker - WARNING - Table time_entries does not exist
2025-01-09 19:24:03,296 - TimesheetTracker - WARNING - Missing tables: customers, project_managers, projects, time_entries
2025-01-09 19:24:03,316 - TimesheetTracker - WARNING - Database verification failed - schema may need initialization
2025-01-09 19:24:03,536 - TimesheetTracker - INFO - Root endpoint accessed
2025-01-09 19:24:03,868 - TimesheetTracker - INFO - Root endpoint accessed
2025-01-09 19:25:04,541 - TimesheetTracker - INFO - Verifying database connection on startup
2025-01-09 19:25:04,541 - TimesheetTracker - INFO - Verifying database connection and schema: postgresql+psycopg2://timesheetDatabase_owner:imz1MH3OjLef@ep-polished-snowflake-a846vhb3.eastus2.azure.neon.tech/timesheetDatabase?sslmode=require
2025-01-09 19:25:04,852 - TimesheetTracker - INFO - Database driver: psycopg2
2025-01-09 19:25:04,853 - TimesheetTracker - INFO - Database dialect: postgresql
2025-01-09 19:25:04,853 - TimesheetTracker - INFO - Successfully connected to database
2025-01-09 19:25:04,853 - TimesheetTracker - INFO - Checking 4 tables in schema
2025-01-09 19:25:04,853 - TimesheetTracker - DEBUG - Verifying table: customers
2025-01-09 19:25:04,896 - TimesheetTracker - WARNING - Table customers does not exist
2025-01-09 19:25:04,897 - TimesheetTracker - DEBUG - Verifying table: project_managers
2025-01-09 19:25:04,917 - TimesheetTracker - WARNING - Table project_managers does not exist
2025-01-09 19:25:04,917 - TimesheetTracker - DEBUG - Verifying table: projects
2025-01-09 19:25:04,938 - TimesheetTracker - WARNING - Table projects does not exist
2025-01-09 19:25:04,938 - TimesheetTracker - DEBUG - Verifying table: time_entries
2025-01-09 19:25:04,959 - TimesheetTracker - WARNING - Table time_entries does not exist
2025-01-09 19:25:04,959 - TimesheetTracker - WARNING - Missing tables: customers, project_managers, projects, time_entries
2025-01-09 19:25:04,979 - TimesheetTracker - WARNING - Database verification failed - schema may need initialization
2025-01-09 19:25:52,151 - TimesheetTracker - INFO - Verifying database connection on startup
2025-01-09 19:25:52,152 - TimesheetTracker - INFO - Verifying database connection and schema: postgresql+psycopg2://timesheetDatabase_owner:imz1MH3OjLef@ep-polished-snowflake-a846vhb3.eastus2.azure.neon.tech/timesheetDatabase?sslmode=require
2025-01-09 19:25:52,471 - TimesheetTracker - INFO - Database driver: psycopg2
2025-01-09 19:25:52,471 - TimesheetTracker - INFO - Database dialect: postgresql
2025-01-09 19:25:52,471 - TimesheetTracker - INFO - Successfully connected to database
2025-01-09 19:25:52,471 - TimesheetTracker - INFO - Checking 4 tables in schema
2025-01-09 19:25:52,471 - TimesheetTracker - DEBUG - Verifying table: customers
2025-01-09 19:25:52,514 - TimesheetTracker - WARNING - Table customers does not exist
2025-01-09 19:25:52,515 - TimesheetTracker - DEBUG - Verifying table: project_managers
2025-01-09 19:25:52,534 - TimesheetTracker - WARNING - Table project_managers does not exist
2025-01-09 19:25:52,535 - TimesheetTracker - DEBUG - Verifying table: projects
2025-01-09 19:25:52,555 - TimesheetTracker - WARNING - Table projects does not exist
2025-01-09 19:25:52,555 - TimesheetTracker - DEBUG - Verifying table: time_entries
2025-01-09 19:25:52,576 - TimesheetTracker - WARNING - Table time_entries does not exist
2025-01-09 19:25:52,577 - TimesheetTracker - WARNING - Missing tables: customers, project_managers, projects, time_entries
2025-01-09 19:25:52,597 - TimesheetTracker - WARNING - Database verification failed - schema may need initialization
2025-01-09 19:25:54,159 - TimesheetTracker - INFO - Root endpoint accessed
